<?xml version="1.0" encoding="UTF-8" ?>
<testsuite errors="0" failures="0" hostname="wt01349-250" name="ControllerTest.UserControllerTest" tests="3" time="5.0" timestamp="2016-12-30T06:48:21">
  <properties>
    <property name="java.vendor" value="Sun Microsystems Inc." />
    <property name="lib.dir" value="C:\eclipse\WorkSpace\OES\WebContent\WEB-INF\lib" />
    <property name="sun.java.launcher" value="SUN_STANDARD" />
    <property name="eclipse.pdebuild.templates" value="/C:/eclipse/plugins/org.eclipse.pde.build_3.3.0.v20070612/templates/" />
    <property name="sun.management.compiler" value="HotSpot Client Compiler" />
    <property name="env.PROMPT" value="$P$G" />
    <property name="os.name" value="Windows XP" />
    <property name="env.FP_NO_HOST_CHECK" value="NO" />
    <property name="sun.boot.class.path" value="C:\Program Files\Java\jdk1.6.0_18\jre\lib\resources.jar;C:\Program Files\Java\jdk1.6.0_18\jre\lib\rt.jar;C:\Program Files\Java\jdk1.6.0_18\jre\lib\sunrsasign.jar;C:\Program Files\Java\jdk1.6.0_18\jre\lib\jsse.jar;C:\Program Files\Java\jdk1.6.0_18\jre\lib\jce.jar;C:\Program Files\Java\jdk1.6.0_18\jre\lib\charsets.jar;C:\Program Files\Java\jdk1.6.0_18\jre\classes" />
    <property name="env.COMPUTERNAME" value="WT01349-250" />
    <property name="env.ALLUSERSPROFILE" value="C:\Documents and Settings\All Users" />
    <property name="sun.desktop" value="windows" />
    <property name="java.vm.specification.vendor" value="Sun Microsystems Inc." />
    <property name="ant.home" value="C:\eclipse\plugins\org.apache.ant_1.7.0.v200706080842" />
    <property name="java.runtime.version" value="1.6.0_18-b07" />
    <property name="env.HOMEPATH" value="\Documents and Settings\Simon.Pan" />
    <property name="user.name" value="simon.pan" />
    <property name="build.dir" value="C:\eclipse\WorkSpace\OES\bin" />
    <property name="user.language" value="zh" />
    <property name="sun.boot.library.path" value="C:\Program Files\Java\jdk1.6.0_18\jre\bin" />
    <property name="build.test.classes" value="C:\eclipse\WorkSpace\OES\bin\test\classes" />
    <property name="build.test.report" value="C:\eclipse\WorkSpace\OES\bin\test\report" />
    <property name="build.war.dir" value="C:\eclipse\WorkSpace\OES\bin\war" />
    <property name="ant.project.name" value="testOES" />
    <property name="java.version" value="1.6.0_18" />
    <property name="env.PROCESSOR_IDENTIFIER" value="x86 Family 15 Model 6 Stepping 5, GenuineIntel" />
    <property name="user.timezone" value="" />
    <property name="env.CLIENTNAME" value="Console" />
    <property name="env.TEMP" value="C:\DOCUME~1\Simon.Pan\LOCALS~1\Temp" />
    <property name="sun.arch.data.model" value="32" />
    <property name="test.src.dir" value="C:\eclipse\WorkSpace\OES\test" />
    <property name="java.endorsed.dirs" value="C:\Program Files\Java\jdk1.6.0_18\jre\lib\endorsed" />
    <property name="sun.cpu.isalist" value="" />
    <property name="env.HOMEDRIVE" value="C:" />
    <property name="sun.jnu.encoding" value="GBK" />
    <property name="file.encoding.pkg" value="sun.io" />
    <property name="file.separator" value="\" />
    <property name="java.specification.name" value="Java Platform API Specification" />
    <property name="test.lib.dir" value="C:\eclipse\WorkSpace\OES\lib" />
    <property name="java.class.version" value="50.0" />
    <property name="user.country" value="CN" />
    <property name="java.home" value="C:\Program Files\Java\jdk1.6.0_18\jre" />
    <property name="env.APPDATA" value="C:\Documents and Settings\Simon.Pan\Application Data" />
    <property name="java.vm.info" value="mixed mode, sharing" />
    <property name="env.CATALINA_HOME" value="C:\eclipse\apache-tomcat-6.0.18" />
    <property name="env.ComSpec" value="C:\WINDOWS\system32\cmd.exe" />
    <property name="env.OS" value="Windows_NT" />
    <property name="env.CommonProgramFiles" value="C:\Program Files\Common Files" />
    <property name="ant.file" value="C:\eclipse\WorkSpace\OES\build.xml" />
    <property name="os.version" value="5.1" />
    <property name="path.separator" value=";" />
    <property name="java.vm.version" value="16.0-b13" />
    <property name="user.variant" value="" />
    <property name="env.USERPROFILE" value="C:\Documents and Settings\Simon.Pan" />
    <property name="web.dir" value="C:\eclipse\WorkSpace\OES\WebContent" />
    <property name="ant.library.dir" value="C:\eclipse\plugins\org.apache.ant_1.7.0.v200706080842\lib" />
    <property name="env.JAVA_HOME" value="C:\Program Files\Java\jdk1.6.0_18" />
    <property name="java.awt.printerjob" value="sun.awt.windows.WPrinterJob" />
    <property name="env.TMP" value="C:\DOCUME~1\Simon.Pan\LOCALS~1\Temp" />
    <property name="sun.io.unicode.encoding" value="UnicodeLittle" />
    <property name="awt.toolkit" value="sun.awt.windows.WToolkit" />
    <property name="eclipse.pdebuild.scripts" value="/C:/eclipse/plugins/org.eclipse.pde.build_3.3.0.v20070612/scripts/" />
    <property name="user.home" value="C:\Documents and Settings\Simon.Pan" />
    <property name="env.SESSIONNAME" value="Console" />
    <property name="java.specification.vendor" value="Sun Microsystems Inc." />
    <property name="env.CLASSPATH" value=".;C:\Program Files\Java\jdk1.6.0_18\lib\dt.jar;C:\Program Files\Java\jdk1.6.0_18\lib\tools.jar;" />
    <property name="env.NUMBER_OF_PROCESSORS" value="2" />
    <property name="java.library.path" value="C:\Program Files\Java\jdk1.6.0_18\jre\bin;.;C:\WINDOWS\Sun\Java\bin;C:\WINDOWS\system32;C:\WINDOWS;C:\Program Files\Java\jre6\bin\client;C:\Program Files\Java\jre6\bin;C:\WINDOWS\system32;C:\WINDOWS;C:\WINDOWS\System32\Wbem;c:\Program Files\Microsoft SQL Server\90\Tools\binn\;C:\WINDOWS\system32\WindowsPowerShell\v1.0\;C:\Program Files\Microsoft SQL Server\100\Tools\Binn\;C:\Program Files\Microsoft SQL Server\100\DTS\Binn\;C:\Program Files\Microsoft SQL Server\100\Tools\Binn\VSShell\Common7\IDE\;C:\Program Files\Microsoft Visual Studio 9.0\Common7\IDE\PrivateAssemblies\;C:\Program Files\Java\jdk1.6.0_18\bin;C:\Program Files\Java\jre6\bin;" />
    <property name="java.vendor.url" value="http://java.sun.com/" />
    <property name="env.USERDNSDOMAIN" value="WH.AUGMENTUM.COM" />
    <property name="ant.file.testOES" value="C:\eclipse\WorkSpace\OES\build.xml" />
    <property name="java.vm.vendor" value="Sun Microsystems Inc." />
    <property name="java.runtime.name" value="Java(TM) SE Runtime Environment" />
    <property name="java.class.path" value="C:\eclipse\WorkSpace\OES\bin\classes;C:\eclipse\WorkSpace\OES\bin\test\classes;C:\eclipse\WorkSpace\OES\WebContent\WEB-INF\lib\aopalliance-1.0.jar;C:\eclipse\WorkSpace\OES\WebContent\WEB-INF\lib\aspectjrt-1.7.3.jar;C:\eclipse\WorkSpace\OES\WebContent\WEB-INF\lib\aspectjweaver-1.7.3.jar;C:\eclipse\WorkSpace\OES\WebContent\WEB-INF\lib\c3p0-0.9.2.1.jar;C:\eclipse\WorkSpace\OES\WebContent\WEB-INF\lib\cglib-nodep-2.2.jar;C:\eclipse\WorkSpace\OES\WebContent\WEB-INF\lib\commons-beanutils.jar;C:\eclipse\WorkSpace\OES\WebContent\WEB-INF\lib\commons-logging-1.1.1.jar;C:\eclipse\WorkSpace\OES\WebContent\WEB-INF\lib\ezmorph-1.0.3.jar;C:\eclipse\WorkSpace\OES\WebContent\WEB-INF\lib\groovy-all-2.1.9.jar;C:\eclipse\WorkSpace\OES\WebContent\WEB-INF\lib\guava-14.0.1.jar;C:\eclipse\WorkSpace\OES\WebContent\WEB-INF\lib\httpclient-4.2.1.jar;C:\eclipse\WorkSpace\OES\WebContent\WEB-INF\lib\httpcore-4.2.1.jar;C:\eclipse\WorkSpace\OES\WebContent\WEB-INF\lib\jackson-core-lgpl-1.8.1.jar;C:\eclipse\WorkSpace\OES\WebContent\WEB-INF\lib\jackson-mapper-lgpl-1.8.1.jar;C:\eclipse\WorkSpace\OES\WebContent\WEB-INF\lib\jstl-1.2.jar;C:\eclipse\WorkSpace\OES\WebContent\WEB-INF\lib\log4j-1.2.13.jar;C:\eclipse\WorkSpace\OES\WebContent\WEB-INF\lib\mchange-commons-java-0.2.3.4.jar;C:\eclipse\WorkSpace\OES\WebContent\WEB-INF\lib\mybatis-3.2.0.jar;C:\eclipse\WorkSpace\OES\WebContent\WEB-INF\lib\mybatis-spring-1.2.0.jar;C:\eclipse\WorkSpace\OES\WebContent\WEB-INF\lib\oval-1.81.jar;C:\eclipse\WorkSpace\OES\WebContent\WEB-INF\lib\postgresql-9.4-1201.jdbc4.jar;C:\eclipse\WorkSpace\OES\WebContent\WEB-INF\lib\spring-aop-3.1.1.RELEASE.jar;C:\eclipse\WorkSpace\OES\WebContent\WEB-INF\lib\spring-asm-3.1.1.RELEASE.jar;C:\eclipse\WorkSpace\OES\WebContent\WEB-INF\lib\spring-beans-3.1.1.RELEASE.jar;C:\eclipse\WorkSpace\OES\WebContent\WEB-INF\lib\spring-context-3.1.1.RELEASE.jar;C:\eclipse\WorkSpace\OES\WebContent\WEB-INF\lib\spring-context-support-3.1.1.RELEASE.jar;C:\eclipse\WorkSpace\OES\WebContent\WEB-INF\lib\spring-core-3.1.1.RELEASE.jar;C:\eclipse\WorkSpace\OES\WebContent\WEB-INF\lib\spring-expression-3.1.1.RELEASE.jar;C:\eclipse\WorkSpace\OES\WebContent\WEB-INF\lib\spring-jdbc-3.1.1.RELEASE.jar;C:\eclipse\WorkSpace\OES\WebContent\WEB-INF\lib\spring-tx-3.1.1.RELEASE.jar;C:\eclipse\WorkSpace\OES\WebContent\WEB-INF\lib\spring-web-3.1.1.RELEASE.jar;C:\eclipse\WorkSpace\OES\WebContent\WEB-INF\lib\spring-webmvc-3.1.1.RELEASE.jar;C:\eclipse\WorkSpace\OES\WebContent\WEB-INF\lib\xstream-1.4.2.jar;C:\eclipse\apache-tomcat-6.0.18\lib\annotations-api.jar;C:\eclipse\apache-tomcat-6.0.18\lib\catalina-ant.jar;C:\eclipse\apache-tomcat-6.0.18\lib\catalina-ha.jar;C:\eclipse\apache-tomcat-6.0.18\lib\catalina-tribes.jar;C:\eclipse\apache-tomcat-6.0.18\lib\catalina.jar;C:\eclipse\apache-tomcat-6.0.18\lib\el-api.jar;C:\eclipse\apache-tomcat-6.0.18\lib\jasper-el.jar;C:\eclipse\apache-tomcat-6.0.18\lib\jasper-jdt.jar;C:\eclipse\apache-tomcat-6.0.18\lib\jasper.jar;C:\eclipse\apache-tomcat-6.0.18\lib\jsp-api.jar;C:\eclipse\apache-tomcat-6.0.18\lib\servlet-api.jar;C:\eclipse\apache-tomcat-6.0.18\lib\tomcat-coyote.jar;C:\eclipse\apache-tomcat-6.0.18\lib\tomcat-dbcp.jar;C:\eclipse\apache-tomcat-6.0.18\lib\tomcat-i18n-es.jar;C:\eclipse\apache-tomcat-6.0.18\lib\tomcat-i18n-fr.jar;C:\eclipse\apache-tomcat-6.0.18\lib\tomcat-i18n-ja.jar;C:\eclipse\WorkSpace\OES\lib\hamcrest-all-1.3.jar;C:\eclipse\WorkSpace\OES\lib\hamcrest-core-1.3.jar;C:\eclipse\WorkSpace\OES\lib\hamcrest-library-1.3.jar;C:\eclipse\WorkSpace\OES\lib\junit-4.12.jar;C:\eclipse\WorkSpace\OES\lib\spring-test-3.1.1.RELEASE.jar;C:\eclipse\WorkSpace\OES;C:\Program Files\Java\jdk1.6.0_18\lib\dt.jar;C:\Program Files\Java\jdk1.6.0_18\lib\tools.jar;C:\eclipse\plugins\org.apache.ant_1.7.0.v200706080842\lib\ant-launcher.jar;C:\eclipse\plugins\org.apache.ant_1.7.0.v200706080842\lib\ant.jar;C:\eclipse\plugins\org.apache.ant_1.7.0.v200706080842\lib\ant-junit.jar" />
    <property name="ant.version" value="Apache Ant version 1.7.0 compiled on December 13 2006" />
    <property name="java.vm.specification.name" value="Java Virtual Machine Specification" />
    <property name="build.doc.dir" value="C:\eclipse\WorkSpace\OES\bin\doc" />
    <property name="env.windir" value="C:\WINDOWS" />
    <property name="env.LOGONSERVER" value="\\BDCS2" />
    <property name="env.PROCESSOR_ARCHITECTURE" value="x86" />
    <property name="java.vm.specification.version" value="1.0" />
    <property name="build.classes" value="C:\eclipse\WorkSpace\OES\bin\classes" />
    <property name="sun.os.patch.level" value="Service Pack 3" />
    <property name="sun.cpu.endian" value="little" />
    <property name="env.ProgramFiles" value="C:\Program Files" />
    <property name="env.ANT_HOME" value="C:\eclipse\plugins\org.apache.ant_1.7.0.v200706080842" />
    <property name="java.io.tmpdir" value="C:\DOCUME~1\Simon.Pan\LOCALS~1\Temp\" />
    <property name="eclipse.pdebuild.home" value="/C:/eclipse/plugins/org.eclipse.pde.build_3.3.0.v20070612/./" />
    <property name="env.PROCESSOR_REVISION" value="0605" />
    <property name="java.vendor.url.bug" value="http://java.sun.com/cgi-bin/bugreport.cgi" />
    <property name="env.SystemRoot" value="C:\WINDOWS" />
    <property name="conf.dir" value="C:\eclipse\WorkSpace\OES\conf" />
    <property name="os.arch" value="x86" />
    <property name="java.awt.graphicsenv" value="sun.awt.Win32GraphicsEnvironment" />
    <property name="java.ext.dirs" value="C:\Program Files\Java\jdk1.6.0_18\jre\lib\ext;C:\WINDOWS\Sun\Java\lib\ext" />
    <property name="user.dir" value="C:\eclipse\WorkSpace\OES" />
    <property name="line.separator" value="
" />
    <property name="build.test.dir" value="C:\eclipse\WorkSpace\OES\bin\test" />
    <property name="java.vm.name" value="Java HotSpot(TM) Client VM" />
    <property name="env.PATHEXT" value=".COM;.EXE;.BAT;.CMD;.VBS;.VBE;.JS;.JSE;.WSF;.WSH;.PSC1" />
    <property name="env.Path" value="C:\Program Files\Java\jre6\bin\client;C:\Program Files\Java\jre6\bin;C:\WINDOWS\system32;C:\WINDOWS;C:\WINDOWS\System32\Wbem;c:\Program Files\Microsoft SQL Server\90\Tools\binn\;C:\WINDOWS\system32\WindowsPowerShell\v1.0\;C:\Program Files\Microsoft SQL Server\100\Tools\Binn\;C:\Program Files\Microsoft SQL Server\100\DTS\Binn\;C:\Program Files\Microsoft SQL Server\100\Tools\Binn\VSShell\Common7\IDE\;C:\Program Files\Microsoft Visual Studio 9.0\Common7\IDE\PrivateAssemblies\;C:\Program Files\Java\jdk1.6.0_18\bin;C:\Program Files\Java\jre6\bin;" />
    <property name="basedir" value="C:\eclipse\WorkSpace\OES" />
    <property name="ant.java.version" value="1.6" />
    <property name="ant.core.lib" value="C:\eclipse\plugins\org.apache.ant_1.7.0.v200706080842\lib\ant.jar" />
    <property name="env.USERNAME" value="simon.pan" />
    <property name="env.SystemDrive" value="C:" />
    <property name="file.encoding" value="GBK" />
    <property name="env.USERDOMAIN" value="WH-AUGMENTUM" />
    <property name="java.specification.version" value="1.6" />
    <property name="src.dir" value="C:\eclipse\WorkSpace\OES\src" />
    <property name="env.PROCESSOR_LEVEL" value="15" />
  </properties>
  <testcase classname="ControllerTest.UserControllerTest" name="testLoginCheckServiceException" time="4.875" />
  <testcase classname="ControllerTest.UserControllerTest" name="testLoginCheckParameterException" time="0.0" />
  <testcase classname="ControllerTest.UserControllerTest" name="testLoginCheck" time="0.031" />
  <system-out><![CDATA[]]></system-out>
  <system-err><![CDATA[]]></system-err>
</testsuite>
